Oct 07, 2021 4:53:58 PM backend.MyLogger init
INFO: Logger Initialized
Oct 07, 2021 4:54:29 PM Main lambda$0
INFO: End of program
ytts.main Mary starting up...
2021-10-07 16:54:21,270 [JavaFX Application Thread] INFO  marytts.main Specification version 5.2
2021-10-07 16:54:21,271 [JavaFX Application Thread] INFO  marytts.main Implementation version unknown
2021-10-07 16:54:21,271 [JavaFX Application Thread] INFO  marytts.main Running on a Java 16.0.1 implementation by Oracle Corporation, on a Windows 10 platform (amd64, 10.0)
2021-10-07 16:54:21,350 [JavaFX Application Thread] INFO  marytts.ModuleRegistry Now initiating mary module 'marytts.modules.Synthesis'
2021-10-07 16:54:21,353 [JavaFX Application Thread] INFO  marytts.ModuleRegistry Now initiating mary module 'marytts.modules.TextToMaryXML'
2021-10-07 16:54:21,353 [JavaFX Application Thread] INFO  marytts.ModuleRegistry Now initiating mary module 'marytts.modules.SableParser'
2021-10-07 16:54:21,354 [JavaFX Application Thread] INFO  marytts.ModuleRegistry Now initiating mary module 'marytts.modules.SSMLParser'
2021-10-07 16:54:21,354 [JavaFX Application Thread] INFO  marytts.ModuleRegistry Now initiating mary module 'marytts.modules.APMLParser'
2021-10-07 16:54:21,354 [JavaFX Application Thread] INFO  marytts.ModuleRegistry Now initiating mary module 'marytts.modules.EmotionmlParser'
2021-10-07 16:54:21,354 [JavaFX Application Thread] INFO  marytts.ModuleRegistry Now initiating mary module 'marytts.modules.JTokeniser'
2021-10-07 16:54:21,355 [JavaFX Application Thread] INFO  marytts.ModuleRegistry Now initiating mary module 'marytts.modules.DummyTokens2Words'
2021-10-07 16:54:21,355 [JavaFX Application Thread] INFO  marytts.ModuleRegistry Now initiating mary module 'marytts.modules.ProsodyGeneric'
2021-10-07 16:54:21,357 [JavaFX Application Thread] INFO  marytts.ModuleRegistry Now initiating mary module 'marytts.modules.PronunciationModel'
2021-10-07 16:54:21,358 [JavaFX Application Thread] INFO  marytts.ModuleRegistry Now initiating mary module 'marytts.modules.TargetFeatureLister'
2021-10-07 16:54:21,358 [JavaFX Application Thread] INFO  marytts.ModuleRegistry Now initiating mary module 'marytts.modules.HalfPhoneTargetFeatureLister'
2021-10-07 16:54:21,358 [JavaFX Application Thread] INFO  marytts.ModuleRegistry Now initiating mary module 'marytts.modules.AcousticModeller'
2021-10-07 16:54:21,359 [JavaFX Application Thread] INFO  marytts.ModuleRegistry Now initiating mary module 'marytts.modules.RealisedAcoustparamsExtractor'
2021-10-07 16:54:21,360 [JavaFX Application Thread] INFO  marytts.ModuleRegistry Now initiating mary module 'marytts.modules.RealisedDurationsExtractor'
2021-10-07 16:54:21,360 [JavaFX Application Thread] INFO  marytts.ModuleRegistry Now initiating mary module 'marytts.modules.HTSEngine'
2021-10-07 16:54:21,361 [JavaFX Application Thread] INFO  marytts.ModuleRegistry Now initiating mary module 'marytts.modules.PraatTextGridGenerator'
2021-10-07 16:54:21,361 [JavaFX Application Thread] INFO  marytts.ModuleRegistry Now initiating mary module 'marytts.language.en.JTokeniser'
2021-10-07 16:54:21,362 [JavaFX Application Thread] INFO  marytts.ModuleRegistry Now initiating mary module 'marytts.language.en.Preprocess'
2021-10-07 16:54:21,487 [JavaFX Application Thread] INFO  marytts.ModuleRegistry Now initiating mary module 'marytts.modules.JPhonemiser(en_US.)'
2021-10-07 16:54:21,488 [JavaFX Application Thread] INFO  marytts.JPhonemiser User dictionary '.\user-dictionaries\userdict-en_US.txt' for locale 'en_US' does not exist. Ignoring.
2021-10-07 16:54:21,534 [JavaFX Application Thread] INFO  marytts.ModuleRegistry Now initiating mary module 'marytts.modules.JPhonemiser(en_GB.)'
2021-10-07 16:54:21,534 [JavaFX Application Thread] INFO  marytts.JPhonemiser User dictionary '.\user-dictionaries\userdict-en_GB.txt' for locale 'en_GB' does not exist. Ignoring.
2021-10-07 16:54:21,568 [JavaFX Application Thread] INFO  marytts.ModuleRegistry Now initiating mary module 'marytts.language.en.Prosody'
2021-10-07 16:54:21,569 [JavaFX Application Thread] INFO  marytts.ModuleRegistry Now initiating mary module 'marytts.modules.SimplePhoneme2AP(en_US)'
2021-10-07 16:54:21,569 [JavaFX Application Thread] INFO  marytts.ModuleRegistry Now initiating mary module 'marytts.language.en.PronunciationModel'
2021-10-07 16:54:21,570 [JavaFX Application Thread] INFO  marytts.ModuleRegistry Now initiating mary module 'marytts.modules.OpenNLPPosTagger(en,en.pos)'
2021-10-07 16:54:21,572 [JavaFX Application Thread] INFO  marytts.UnitSelectionSynthesizer started.
2021-10-07 16:54:21,573 [JavaFX Application Thread] INFO  marytts.TargetFeatureLister Module started (ACOUSTPARAMS->TARGETFEATURES, locale null).
2021-10-07 16:54:21,573 [JavaFX Application Thread] INFO  marytts.HTSEngine Module started (TARGETFEATURES->AUDIO, locale null).
2021-10-07 16:54:21,585 [JavaFX Application Thread] INFO  marytts.HMMData Loading Tree Set in CARTs:
2021-10-07 16:54:21,621 [JavaFX Application Thread] INFO  marytts.HMMData Loading GV Model Set:
2021-10-07 16:54:21,724 [JavaFX Application Thread] INFO  marytts.Voice Registering voice `cmu-rms-hsmm': male, locale en_US
2021-10-07 16:54:21,724 [JavaFX Application Thread] INFO  marytts.Voice New default voice for locale en_US: cmu-rms-hsmm (desire 0)
2021-10-07 16:54:21,724 [JavaFX Application Thread] INFO  marytts.HMMSynthesizer started.
2021-10-07 16:54:21,724 [JavaFX Application Thread] INFO  marytts.Synthesis Module started (ACOUSTPARAMS->AUDIO, locale null).
2021-10-07 16:54:21,725 [JavaFX Application Thread] INFO  marytts.HMMSynthesizer Starting power-on self test.
2021-10-07 16:54:21,752 [JavaFX Application Thread] INFO  marytts.HTSEngine Using prosody from acoustparams.
2021-10-07 16:54:21,753 [JavaFX Application Thread] INFO  marytts.HTSEngine Number of models in sentence numModel=7  Total number of states numState=35
2021-10-07 16:54:21,754 [JavaFX Application Thread] INFO  marytts.HTSEngine Total number of frames=148  Number of voiced frames=85
2021-10-07 16:54:21,757 [JavaFX Application Thread] INFO  marytts.ParameterGeneration Parameter generation for MGC: 
2021-10-07 16:54:21,757 [JavaFX Application Thread] INFO  marytts.PStream Global variance optimization
2021-10-07 16:54:21,766 [JavaFX Application Thread] INFO  marytts.PStream Gradient GV optimization for feature: (0)  number of iterations=168
2021-10-07 16:54:21,767 [JavaFX Application Thread] INFO  marytts.PStream Gradient GV optimization for feature: (1)  number of iterations=42
2021-10-07 16:54:21,769 [JavaFX Application Thread] INFO  marytts.PStream Gradient GV optimization for feature: (2)  number of iterations=60
2021-10-07 16:54:21,771 [JavaFX Application Thread] INFO  marytts.PStream Gradient GV optimization for feature: (3)  number of iterations=126
2021-10-07 16:54:21,771 [JavaFX Application Thread] INFO  marytts.PStream Gradient GV optimization for feature: (4)  number of iterations=12
2021-10-07 16:54:21,772 [JavaFX Application Thread] INFO  marytts.PStream Gradient GV optimization for feature: (5)  number of iterations=5
2021-10-07 16:54:21,773 [JavaFX Application Thread] INFO  marytts.PStream Gradient GV optimization for feature: (6)  number of iterations=73
2021-10-07 16:54:21,774 [JavaFX Application Thread] INFO  marytts.PStream Gradient GV optimization for feature: (7)  number of iterations=46
2021-10-07 16:54:21,775 [JavaFX Application Thread] INFO  marytts.PStream Gradient GV optimization for feature: (8)  number of iterations=53
2021-10-07 16:54:21,776 [JavaFX Application Thread] INFO  marytts.PStream Gradient GV optimization for feature: (9)  number of iterations=13
2021-10-07 16:54:21,777 [JavaFX Application Thread] INFO  marytts.PStream Gradient GV optimization for feature: (10)  number of iterations=80
2021-10-07 16:54:21,778 [JavaFX Application Thread] INFO  marytts.PStream Gradient GV optimization for feature: (11)  number of iterations=10
2021-10-07 16:54:21,779 [JavaFX Application Thread] INFO  marytts.PStream Gradient GV optimization for feature: (12)  number of iterations=87
2021-10-07 16:54:21,780 [JavaFX Application Thread] INFO  marytts.PStream Gradient GV optimization for feature: (13)  number of iterations=76
2021-10-07 16:54:21,781 [JavaFX Application Thread] INFO  marytts.PStream Gradient GV optimization for feature: (14)  number of iterations=108
2021-10-07 16:54:21,782 [JavaFX Application Thread] INFO  marytts.PStream Gradient GV optimization for feature: (15)  number of iterations=13
2021-10-07 16:54:21,782 [JavaFX Application Thread] INFO  marytts.PStream Gradient GV optimization for feature: (16)  number of iterations=53
2021-10-07 16:54:21,783 [JavaFX Application Thread] INFO  marytts.PStream Gradient GV optimization for feature: (17)  number of iterations=83
2021-10-07 16:54:21,783 [JavaFX Application Thread] INFO  marytts.PStream Gradient GV optimization for feature: (18)  number of iterations=1
2021-10-07 16:54:21,784 [JavaFX Application Thread] INFO  marytts.PStream Gradient GV optimization for feature: (19)  number of iterations=59
2021-10-07 16:54:21,785 [JavaFX Application Thread] INFO  marytts.PStream Gradient GV optimization for feature: (20)  number of iterations=120
2021-10-07 16:54:21,785 [JavaFX Application Thread] INFO  marytts.PStream Gradient GV optimization for feature: (21)  number of iterations=9
2021-10-07 16:54:21,786 [JavaFX Application Thread] INFO  marytts.PStream Gradient GV optimization for feature: (22)  number of iterations=67
2021-10-07 16:54:21,787 [JavaFX Application Thread] INFO  marytts.PStream Gradient GV optimization for feature: (23)  number of iterations=76
2021-10-07 16:54:21,788 [JavaFX Application Thread] INFO  marytts.PStream Gradient GV optimization for feature: (24)  number of iterations=187
2021-10-07 16:54:21,789 [JavaFX Application Thread] INFO  marytts.ParameterGeneration Using f0 from maryXML acoustparams
2021-10-07 16:54:21,789 [JavaFX Application Thread] INFO  marytts.PStream Global variance optimization
2021-10-07 16:54:21,790 [JavaFX Application Thread] INFO  marytts.PStream Gradient GV optimization for feature: (0)  number of iterations=90
2021-10-07 16:54:21,790 [JavaFX Application Thread] INFO  marytts.PStream Gradient GV optimization for feature: (1)  number of iterations=2
2021-10-07 16:54:21,790 [JavaFX Application Thread] INFO  marytts.PStream Gradient GV optimization for feature: (2)  number of iterations=19
2021-10-07 16:54:21,791 [JavaFX Application Thread] INFO  marytts.PStream Gradient GV optimization for feature: (3)  number of iterations=34
2021-10-07 16:54:21,791 [JavaFX Application Thread] INFO  marytts.PStream Gradient GV optimization for feature: (4)  number of iterations=3
2021-10-07 16:54:21,797 [JavaFX Application Thread] INFO  marytts.HMMSynthesizer Power-on self test complete.
2021-10-07 16:54:21,797 [JavaFX Application Thread] INFO  marytts.TextToMaryXML Module started (TEXT->RAWMARYXML, locale null).
2021-10-07 16:54:21,797 [JavaFX Application Thread] INFO  marytts.TextToMaryXML Starting power-on self test.
2021-10-07 16:54:21,798 [JavaFX Application Thread] WARN  marytts.TextToMaryXML Locale is null, overriding with en_US
2021-10-07 16:54:21,798 [JavaFX Application Thread] WARN  marytts.TextToMaryXML Locale is null, overriding with en_US
2021-10-07 16:54:21,798 [JavaFX Application Thread] INFO  marytts.TextToMaryXML Power-on self test complete.
2021-10-07 16:54:21,977 [JavaFX Application Thread] INFO  marytts.SableParser Module started (SABLE->RAWMARYXML, locale null).
2021-10-07 16:54:21,977 [JavaFX Application Thread] INFO  marytts.SableParser Starting power-on self test.
2021-10-07 16:54:21,977 [JavaFX Application Thread] INFO  marytts.SableParser Power-on self test complete.
2021-10-07 16:54:22,024 [JavaFX Application Thread] INFO  marytts.SSMLParser Module started (SSML->RAWMARYXML, locale null).
2021-10-07 16:54:22,024 [JavaFX Application Thread] INFO  marytts.SSMLParser Starting power-on self test.
2021-10-07 16:54:22,024 [JavaFX Application Thread] INFO  marytts.SSMLParser Power-on self test complete.
2021-10-07 16:54:22,060 [JavaFX Application Thread] INFO  marytts.APMLParser Module started (APML->RAWMARYXML, locale null).
2021-10-07 16:54:22,060 [JavaFX Application Thread] INFO  marytts.APMLParser Starting power-on self test.
2021-10-07 16:54:22,060 [JavaFX Application Thread] INFO  marytts.APMLParser Power-on self test complete.
2021-10-07 16:54:22,086 [JavaFX Application Thread] INFO  marytts.EmotionmlParser Module started (EMOTIONML->RAWMARYXML, locale null).
2021-10-07 16:54:22,086 [JavaFX Application Thread] INFO  marytts.EmotionmlParser Starting power-on self test.
2021-10-07 16:54:22,086 [JavaFX Application Thread] INFO  marytts.EmotionmlParser Power-on self test complete.
2021-10-07 16:54:22,086 [JavaFX Application Thread] INFO  marytts.JTokeniser Module started (RAWMARYXML->TOKENS, locale null).
2021-10-07 16:54:22,114 [JavaFX Application Thread] INFO  marytts.JTokeniser Starting power-on self test.
2021-10-07 16:54:22,114 [JavaFX Application Thread] INFO  marytts.JTokeniser Power-on self test complete.
2021-10-07 16:54:22,114 [JavaFX Application Thread] INFO  marytts.DummyTokens2Words Module started (TOKENS->WORDS, locale null).
2021-10-07 16:54:22,114 [JavaFX Application Thread] INFO  marytts.DummyTokens2Words Starting power-on self test.
2021-10-07 16:54:22,114 [JavaFX Application Thread] INFO  marytts.DummyTokens2Words Power-on self test complete.
2021-10-07 16:54:22,118 [JavaFX Application Thread] INFO  marytts.Prosody Module started (PHONEMES->INTONATION, locale null).
2021-10-07 16:54:22,118 [JavaFX Application Thread] INFO  marytts.Prosody Starting power-on self test.
2021-10-07 16:54:22,118 [JavaFX Application Thread] INFO  marytts.Prosody Power-on self test complete.
2021-10-07 16:54:22,118 [JavaFX Application Thread] INFO  marytts.PronunciationModel Module started (INTONATION->ALLOPHONES, locale null).
2021-10-07 16:54:22,118 [JavaFX Application Thread] INFO  marytts.PronunciationModel Starting power-on self test.
2021-10-07 16:54:22,119 [JavaFX Application Thread] INFO  marytts.PronunciationModel Power-on self test complete.
2021-10-07 16:54:22,119 [JavaFX Application Thread] INFO  marytts.TargetFeatureLister Starting power-on self test.
2021-10-07 16:54:22,119 [JavaFX Application Thread] INFO  marytts.TargetFeatureLister Power-on self test complete.
2021-10-07 16:54:22,119 [JavaFX Application Thread] INFO  marytts.TargetFeatureLister Module started (ACOUSTPARAMS->HALFPHONE_TARGETFEATURES, locale null).
2021-10-07 16:54:22,119 [JavaFX Application Thread] INFO  marytts.TargetFeatureLister Starting power-on self test.
2021-10-07 16:54:22,119 [JavaFX Application Thread] INFO  marytts.TargetFeatureLister Power-on self test complete.
2021-10-07 16:54:22,119 [JavaFX Application Thread] INFO  marytts.AcousticModeller Module started (ALLOPHONES->ACOUSTPARAMS, locale null).
2021-10-07 16:54:22,119 [JavaFX Application Thread] INFO  marytts.AcousticModeller Starting power-on self test.
2021-10-07 16:54:22,120 [JavaFX Application Thread] INFO  marytts.AcousticModeller Power-on self test complete.
2021-10-07 16:54:22,120 [JavaFX Application Thread] INFO  marytts.Realised acoustparams extractor Module started (AUDIO->REALISED_ACOUSTPARAMS, locale null).
2021-10-07 16:54:22,120 [JavaFX Application Thread] INFO  marytts.Realised acoustparams extractor Starting power-on self test.
2021-10-07 16:54:22,120 [JavaFX Application Thread] INFO  marytts.Realised acoustparams extractor Power-on self test complete.
2021-10-07 16:54:22,120 [JavaFX Application Thread] INFO  marytts.Realised durations extractor Module started (AUDIO->REALISED_DURATIONS, locale null).
2021-10-07 16:54:22,120 [JavaFX Application Thread] INFO  marytts.Realised durations extractor Starting power-on self test.
2021-10-07 16:54:22,120 [JavaFX Application Thread] INFO  marytts.Realised durations extractor Power-on self test complete.
2021-10-07 16:54:22,120 [JavaFX Application Thread] INFO  marytts.Praat TextGrid generator Module started (REALISED_ACOUSTPARAMS->PRAAT_TEXTGRID, locale null).
2021-10-07 16:54:22,120 [JavaFX Application Thread] INFO  marytts.Praat TextGrid generator Starting power-on self test.
2021-10-07 16:54:22,120 [JavaFX Application Thread] INFO  marytts.Praat TextGrid generator Power-on self test complete.
2021-10-07 16:54:22,120 [JavaFX Application Thread] INFO  marytts.JTokeniser Module started (RAWMARYXML->TOKENS, locale en).
2021-10-07 16:54:22,130 [JavaFX Application Thread] INFO  marytts.JTokeniser Starting power-on self test.
2021-10-07 16:54:22,130 [JavaFX Application Thread] INFO  marytts.JTokeniser Power-on self test complete.
2021-10-07 16:54:22,130 [JavaFX Application Thread] INFO  marytts.Preprocess Module started (TOKENS->WORDS, locale en).
2021-10-07 16:54:22,130 [JavaFX Application Thread] INFO  marytts.Preprocess Starting power-on self test.
2021-10-07 16:54:22,130 [JavaFX Application Thread] INFO  marytts.Preprocess Power-on self test complete.
2021-10-07 16:54:22,130 [JavaFX Application Thread] INFO  marytts.JPhonemiser Module started (PARTSOFSPEECH->PHONEMES, locale en_US).
2021-10-07 16:54:22,130 [JavaFX Application Thread] INFO  marytts.JPhonemiser Starting power-on self test.
2021-10-07 16:54:22,131 [JavaFX Application Thread] INFO  marytts.JPhonemiser Power-on self test complete.
2021-10-07 16:54:22,131 [JavaFX Application Thread] INFO  marytts.JPhonemiser Module started (PARTSOFSPEECH->PHONEMES, locale en_GB).
2021-10-07 16:54:22,131 [JavaFX Application Thread] INFO  marytts.JPhonemiser Starting power-on self test.
2021-10-07 16:54:22,131 [JavaFX Application Thread] INFO  marytts.JPhonemiser Power-on self test complete.
2021-10-07 16:54:22,134 [JavaFX Application Thread] INFO  marytts.Prosody Module started (PHONEMES->INTONATION, locale en).
2021-10-07 16:54:22,135 [JavaFX Application Thread] INFO  marytts.Prosody Starting power-on self test.
2021-10-07 16:54:22,135 [JavaFX Application Thread] INFO  marytts.Prosody Power-on self test complete.
2021-10-07 16:54:22,136 [JavaFX Application Thread] INFO  marytts.SimplePhoneme2AP Module started (SIMPLEPHONEMES->ACOUSTPARAMS, locale en_US).
2021-10-07 16:54:22,136 [JavaFX Application Thread] INFO  marytts.SimplePhoneme2AP Starting power-on self test.
2021-10-07 16:54:22,137 [JavaFX Application Thread] INFO  marytts.SimplePhoneme2AP Power-on self test complete.
2021-10-07 16:54:22,138 [JavaFX Application Thread] INFO  marytts.PronunciationModel Module started (INTONATION->ALLOPHONES, locale en).
2021-10-07 16:54:22,138 [JavaFX Application Thread] INFO  marytts.PronunciationModel Starting power-on self test.
2021-10-07 16:54:22,138 [JavaFX Application Thread] INFO  marytts.PronunciationModel Power-on self test complete.
2021-10-07 16:54:22,138 [JavaFX Application Thread] INFO  marytts.OpenNLPPosTagger Module started (WORDS->PARTSOFSPEECH, locale en).
2021-10-07 16:54:22,623 [JavaFX Application Thread] INFO  marytts.OpenNLPPosTagger Starting power-on self test.
2021-10-07 16:54:22,623 [JavaFX Application Thread] INFO  marytts.OpenNLPPosTagger Power-on self test complete.
2021-10-07 16:54:22,623 [JavaFX Application Thread] INFO  marytts.main Startup complete.
2021-10-07 16:54:22,626 [JavaFX Application Thread] INFO  marytts.R 1 New request (input type "TEXT", output type "AUDIO", voice "cmu-rms-hsmm", audio "WAVE")
2021-10-07 16:54:22,626 [JavaFX Application Thread] INFO  marytts.R 1 Handling request using the following modules:
2021-10-07 16:54:22,626 [JavaFX Application Thread] INFO  marytts.R 1 - TextToMaryXML (marytts.modules.TextToMaryXML)
2021-10-07 16:54:22,626 [JavaFX Application Thread] INFO  marytts.R 1 Next module: TextToMaryXML
2021-10-07 16:54:22,627 [JavaFX Application Thread] INFO  marytts.R 1 Handling request using the following modules:
2021-10-07 16:54:22,627 [JavaFX Application Thread] INFO  marytts.R 1 - JTokeniser (marytts.language.en.JTokeniser)
2021-10-07 16:54:22,627 [JavaFX Application Thread] INFO  marytts.R 1 - Preprocess (marytts.language.en.Preprocess)
2021-10-07 16:54:22,627 [JavaFX Application Thread] INFO  marytts.R 1 - OpenNLPPosTagger (marytts.modules.OpenNLPPosTagger)
2021-10-07 16:54:22,627 [JavaFX Application Thread] INFO  marytts.R 1 - JPhonemiser (marytts.modules.JPhonemiser)
2021-10-07 16:54:22,627 [JavaFX Application Thread] INFO  marytts.R 1 - Prosody (marytts.language.en.Prosody)
2021-10-07 16:54:22,627 [JavaFX Application Thread] INFO  marytts.R 1 - PronunciationModel (marytts.language.en.PronunciationModel)
2021-10-07 16:54:22,627 [JavaFX Application Thread] INFO  marytts.R 1 - AcousticModeller (marytts.modules.AcousticModeller)
2021-10-07 16:54:22,627 [JavaFX Application Thread] INFO  marytts.R 1 - Synthesis (marytts.modules.Synthesis)
2021-10-07 16:54:22,627 [JavaFX Application Thread] INFO  marytts.R 1 Next module: JTokeniser
2021-10-07 16:54:22,629 [JavaFX Application Thread] INFO  marytts.R 1 Next module: Preprocess
2021-10-07 16:54:22,630 [JavaFX Application Thread] INFO  marytts.R 1 Next module: OpenNLPPosTagger
2021-10-07 16:54:22,634 [JavaFX Application Thread] INFO  marytts.R 1 Next module: JPhonemiser
2021-10-07 16:54:22,635 [JavaFX Application Thread] INFO  marytts.R 1 Next module: Prosody
2021-10-07 16:54:22,636 [JavaFX Application Thread] INFO  marytts.R 1 Next module: PronunciationModel
2021-10-07 16:54:22,637 [JavaFX Application Thread] INFO  marytts.R 1 Next module: AcousticModeller
2021-10-07 16:54:22,640 [JavaFX Application Thread] INFO  marytts.ParameterGeneration Parameter generation for LF0: 
2021-10-07 16:54:22,640 [JavaFX Application Thread] INFO  marytts.PStream Global variance optimization
2021-10-07 16:54:22,640 [JavaFX Application Thread] INFO  marytts.PStream Gradient GV optimization for feature: (0)  number of iterations=8
2021-10-07 16:54:22,642 [JavaFX Application Thread] INFO  marytts.R 1 Next module: Synthesis
2021-10-07 16:54:22,664 [JavaFX Application Thread] INFO  marytts.HMMSynthesizer Synthesizing one sentence.
2021-10-07 16:54:22,665 [JavaFX Application Thread] INFO  marytts.HTSEngine Using prosody from acoustparams.
2021-10-07 16:54:22,665 [JavaFX Application Thread] INFO  marytts.HTSEngine Number of models in sentence numModel=5  Total number of states numState=25
2021-10-07 16:54:22,665 [JavaFX Application Thread] INFO  marytts.HTSEngine Total number of frames=172  Number of voiced frames=71
2021-10-07 16:54:22,666 [JavaFX Application Thread] INFO  marytts.ParameterGeneration Parameter generation for MGC: 
2021-10-07 16:54:22,666 [JavaFX Application Thread] INFO  marytts.PStream Global variance optimization
2021-10-07 16:54:22,667 [JavaFX Application Thread] INFO  marytts.PStream Gradient GV optimization for feature: (0)  number of iterations=27
2021-10-07 16:54:22,667 [JavaFX Application Thread] INFO  marytts.PStream Gradient GV optimization for feature: (1)  number of iterations=24
2021-10-07 16:54:22,668 [JavaFX Application Thread] INFO  marytts.PStream Gradient GV optimization for feature: (2)  number of iterations=20
2021-10-07 16:54:22,668 [JavaFX Application Thread] INFO  marytts.PStream Gradient GV optimization for feature: (3)  number of iterations=22
2021-10-07 16:54:22,669 [JavaFX Application Thread] INFO  marytts.PStream Gradient GV optimization for feature: (4)  number of iterations=26
2021-10-07 16:54:22,669 [JavaFX Application Thread] INFO  marytts.PStream Gradient GV optimization for feature: (5)  number of iterations=3
2021-10-07 16:54:22,670 [JavaFX Application Thread] INFO  marytts.PStream Gradient GV optimization for feature: (6)  number of iterations=47
2021-10-07 16:54:22,670 [JavaFX Application Thread] INFO  marytts.PStream Gradient GV optimization for feature: (7)  number of iterations=22
2021-10-07 16:54:22,671 [JavaFX Application Thread] INFO  marytts.PStream Gradient GV optimization for feature: (8)  number of iterations=22
2021-10-07 16:54:22,672 [JavaFX Application Thread] INFO  marytts.PStream Gradient GV optimization for feature: (9)  number of iterations=15
2021-10-07 16:54:22,672 [JavaFX Application Thread] INFO  marytts.PStream Gradient GV optimization for feature: (10)  number of iterations=50
2021-10-07 16:54:22,673 [JavaFX Application Thread] INFO  marytts.PStream Gradient GV optimization for feature: (11)  number of iterations=9
2021-10-07 16:54:22,673 [JavaFX Application Thread] INFO  marytts.PStream Gradient GV optimization for feature: (12)  number of iterations=14
2021-10-07 16:54:22,674 [JavaFX Application Thread] INFO  marytts.PStream Gradient GV optimization for feature: (13)  number of iterations=17
2021-10-07 16:54:22,674 [JavaFX Application Thread] INFO  marytts.PStream Gradient GV optimization for feature: (14)  number of iterations=31
2021-10-07 16:54:22,675 [JavaFX Application Thread] INFO  marytts.PStream Gradient GV optimization for feature: (15)  number of iterations=9
2021-10-07 16:54:22,675 [JavaFX Application Thread] INFO  marytts.PStream Gradient GV optimization for feature: (16)  number of iterations=4
2021-10-07 16:54:22,675 [JavaFX Application Thread] INFO  marytts.PStream Gradient GV optimization for feature: (17)  number of iterations=9
2021-10-07 16:54:22,676 [JavaFX Application Thread] INFO  marytts.PStream Gradient GV optimization for feature: (18)  number of iterations=15
2021-10-07 16:54:22,676 [JavaFX Application Thread] INFO  marytts.PStream Gradient GV optimization for feature: (19)  number of iterations=3
2021-10-07 16:54:22,676 [JavaFX Application Thread] INFO  marytts.PStream Gradient GV optimization for feature: (20)  number of iterations=7
2021-10-07 16:54:22,677 [JavaFX Application Thread] INFO  marytts.PStream Gradient GV optimization for feature: (21)  number of iterations=15
2021-10-07 16:54:22,677 [JavaFX Application Thread] INFO  marytts.PStream Gradient GV optimization for feature: (22)  number of iterations=3
2021-10-07 16:54:22,678 [JavaFX Application Thread] INFO  marytts.PStream Gradient GV optimization for feature: (23)  number of iterations=7
2021-10-07 16:54:22,678 [JavaFX Application Thread] INFO  marytts.PStream Gradient GV optimization for feature: (24)  number of iterations=23
2021-10-07 16:54:22,678 [JavaFX Application Thread] INFO  marytts.ParameterGeneration Using f0 from maryXML acoustparams
2021-10-07 16:54:22,679 [JavaFX Application Thread] INFO  marytts.PStream Global variance optimization
2021-10-07 16:54:22,679 [JavaFX Application Thread] INFO  marytts.PStream Gradient GV optimization for feature: (0)  number of iterations=22
2021-10-07 16:54:22,680 [JavaFX Application Thread] INFO  marytts.PStream Gradient GV optimization for feature: (1)  number of iterations=3
2021-10-07 16:54:22,680 [JavaFX Application Thread] INFO  marytts.PStream Gradient GV optimization for feature: (2)  number of iterations=17
2021-10-07 16:54:22,681 [JavaFX Application Thread] INFO  marytts.PStream Gradient GV optimization for feature: (3)  number of iterations=30
2021-10-07 16:54:22,681 [JavaFX Application Thread] INFO  marytts.PStream Gradient GV optimization for feature: (4)  number of iterations=13
2021-10-07 16:54:22,682 [JavaFX Application Thread] INFO  marytts.R 1 Request processed in 56 ms.
2021-10-07 16:54:22,682 [JavaFX Application Thread] INFO  marytts.R 1    TextToMaryXML took 1 ms
2021-10-07 16:54:22,682 [JavaFX Application Thread] INFO  marytts.R 1    JTokeniser took 2 ms
2021-10-07 16:54:22,682 [JavaFX Application Thread] INFO  marytts.R 1    Preprocess took 1 ms
2021-10-07 16:54:22,682 [JavaFX Application Thread] INFO  marytts.R 1    OpenNLPPosTagger took 4 ms
2021-10-07 16:54:22,682 [JavaFX Application Thread] INFO  marytts.R 1    JPhonemiser took 1 ms
2021-10-07 16:54:22,682 [JavaFX Application Thread] INFO  marytts.R 1    Prosody took 1 ms
2021-10-07 16:54:22,682 [JavaFX Application Thread] INFO  marytts.R 1    PronunciationModel took 1 ms
2021-10-07 16:54:22,682 [JavaFX Application Thread] INFO  marytts.R 1    AcousticModeller took 5 ms
2021-10-07 16:54:22,682 [JavaFX Application Thread] INFO  marytts.R 1    Synthesis took 40 ms
2021-10-07 16:54:29,968 [Thread-15] INFO  marytts.main Shutting down modules...
2021-10-07 16:54:29,968 [Thread-15] INFO  marytts.Synthesis Module shut down.
2021-10-07 16:54:29,968 [Thread-15] INFO  marytts.TextToMaryXML Module shut down.
2021-10-07 16:54:29,968 [Thread-15] INFO  marytts.SableParser Module shut down.
2021-10-07 16:54:29,968 [Thread-15] INFO  marytts.SSMLParser Module shut down.
2021-10-07 16:54:29,969 [Thread-15] INFO  marytts.APMLParser Module shut down.
2021-10-07 16:54:29,969 [Thread-15] INFO  marytts.EmotionmlParser Module shut down.
2021-10-07 16:54:29,969 [Thread-15] INFO  marytts.JTokeniser Module shut down.
2021-10-07 16:54:29,969 [Thread-15] INFO  marytts.DummyTokens2Words Module shut down.
2021-10-07 16:54:29,969 [Thread-15] INFO  marytts.Prosody Module shut down.
2021-10-07 16:54:29,969 [Thread-15] INFO  marytts.PronunciationModel Module shut down.
2021-10-07 16:54:29,969 [Thread-15] INFO  marytts.TargetFeatureLister Module shut down.
2021-10-07 16:54:29,969 [Thread-15] INFO  marytts.TargetFeatureLister Module shut down.
2021-10-07 16:54:29,969 [Thread-15] INFO  marytts.AcousticModeller Module shut down.
2021-10-07 16:54:29,969 [Thread-15] INFO  marytts.Realised acoustparams extractor Module shut down.
2021-10-07 16:54:29,969 [Thread-15] INFO  marytts.Realised durations extractor Module shut down.
2021-10-07 16:54:29,969 [Thread-15] INFO  marytts.HTSEngine Module shut down.
2021-10-07 16:54:29,969 [Thread-15] INFO  marytts.Praat TextGrid generator Module shut down.
2021-10-07 16:54:29,969 [Thread-15] INFO  marytts.JTokeniser Module shut down.
2021-10-07 16:54:29,970 [Thread-15] INFO  marytts.Preprocess Module shut down.
2021-10-07 16:54:29,970 [Thread-15] INFO  marytts.JPhonemiser Module shut down.
2021-10-07 16:54:29,970 [Thread-15] INFO  marytts.JPhonemiser Module shut down.
2021-10-07 16:54:29,970 [Thread-15] INFO  marytts.Prosody Module shut down.
2021-10-07 16:54:29,970 [Thread-15] INFO  marytts.SimplePhoneme2AP Module shut down.
2021-10-07 16:54:29,970 [Thread-15] INFO  marytts.PronunciationModel Module shut down.
2021-10-07 16:54:29,970 [Thread-15] INFO  marytts.OpenNLPPosTagger Module shut down.
2021-10-07 16:54:29,971 [Thread-15] INFO  marytts.main Shutdown complete.
